build/intermediates/manifest_merge_blame_file/debug/manifest-merger-blame-debug-report.txt
1<?xml version="1.0" encoding="utf-8"?>
2<manifest xmlns:android="http://schemas.android.com/apk/res/android"
3    package="net.hssco.club"
4    android:versionCode="30212"
5    android:versionName="3.0.212" >
6
7    <uses-sdk
8        android:minSdkVersion="21"
8-->HsscoClubPos\AndroidManifest.xml
9        android:targetSdkVersion="28" />
9-->HsscoClubPos\AndroidManifest.xml
10
11    <uses-permission android:name="android.permission.INTERNET" />
11-->HsscoClubPos\AndroidManifest.xml:5:5-67
11-->HsscoClubPos\AndroidManifest.xml:5:22-64
12    <uses-permission android:name="smartpos.deviceservice.permission.Printer" />
12-->HsscoClubPos\AndroidManifest.xml:6:5-81
12-->HsscoClubPos\AndroidManifest.xml:6:22-78
13    <uses-permission android:name="android.permission.VIBRATE" />
13-->HsscoClubPos\AndroidManifest.xml:7:5-66
13-->HsscoClubPos\AndroidManifest.xml:7:22-63
14    <uses-permission android:name="android.permission.ACCESS_NETWORK_STATE" />
14-->HsscoClubPos\AndroidManifest.xml:8:5-79
14-->HsscoClubPos\AndroidManifest.xml:8:22-76
15    <uses-permission android:name="android.permission.ACCESS_WIFI_STATE" />
15-->HsscoClubPos\AndroidManifest.xml:9:5-76
15-->HsscoClubPos\AndroidManifest.xml:9:22-73
16
17    <application
17-->HsscoClubPos\AndroidManifest.xml:10:5-57:19
18        android:allowBackup="false"
18-->HsscoClubPos\AndroidManifest.xml:11:9-36
19        android:appComponentFactory="androidx.core.app.CoreComponentFactory"
19-->[androidx.core:core:1.3.1] AndroidManifest.xml:24:18-86
20        android:debuggable="true"
21        android:icon="@drawable/logo"
21-->HsscoClubPos\AndroidManifest.xml:12:9-38
22        android:label="@string/app_name"
22-->HsscoClubPos\AndroidManifest.xml:13:9-41
23        android:networkSecurityConfig="@xml/network_security_config"
23-->HsscoClubPos\AndroidManifest.xml:17:9-69
24        android:supportsRtl="true"
24-->HsscoClubPos\AndroidManifest.xml:15:9-35
25        android:testOnly="true"
26        android:theme="@style/Theme.SajedPOS"
26-->HsscoClubPos\AndroidManifest.xml:14:9-46
27        android:usesCleartextTraffic="true" >
27-->HsscoClubPos\AndroidManifest.xml:16:9-44
28        <activity
28-->HsscoClubPos\AndroidManifest.xml:19:9-24:20
29            android:name="net.hssco.club.SplashActivity"
29-->HsscoClubPos\AndroidManifest.xml:19:19-49
30            android:theme="@style/AppTheme.FullScreen" >
30-->HsscoClubPos\AndroidManifest.xml:19:50-92
31            <intent-filter>
31-->HsscoClubPos\AndroidManifest.xml:20:13-23:29
32                <action android:name="android.intent.action.MAIN" />
32-->HsscoClubPos\AndroidManifest.xml:21:17-69
32-->HsscoClubPos\AndroidManifest.xml:21:25-66
33
34                <category android:name="android.intent.category.LAUNCHER" />
34-->HsscoClubPos\AndroidManifest.xml:22:17-77
34-->HsscoClubPos\AndroidManifest.xml:22:27-74
35            </intent-filter>
36        </activity>
37        <activity
37-->HsscoClubPos\AndroidManifest.xml:26:9-28:53
38            android:name="net.hssco.club.PaymentResultActivity"
38-->HsscoClubPos\AndroidManifest.xml:27:13-50
39            android:theme="@style/Theme.SajedPOS" />
39-->HsscoClubPos\AndroidManifest.xml:28:13-50
40        <activity
40-->HsscoClubPos\AndroidManifest.xml:29:9-31:53
41            android:name="net.hssco.club.CustomerPinActivity"
41-->HsscoClubPos\AndroidManifest.xml:30:13-48
42            android:theme="@style/Theme.SajedPOS" />
42-->HsscoClubPos\AndroidManifest.xml:31:13-50
43        <activity
43-->HsscoClubPos\AndroidManifest.xml:32:9-34:53
44            android:name="net.hssco.club.AdminPinActivity"
44-->HsscoClubPos\AndroidManifest.xml:33:13-45
45            android:theme="@style/Theme.SajedPOS" />
45-->HsscoClubPos\AndroidManifest.xml:34:13-50
46        <activity
46-->HsscoClubPos\AndroidManifest.xml:35:9-37:53
47            android:name="net.hssco.club.EditCustomerActivity"
47-->HsscoClubPos\AndroidManifest.xml:36:13-49
48            android:theme="@style/Theme.SajedPOS" />
48-->HsscoClubPos\AndroidManifest.xml:37:13-50
49        <activity
49-->HsscoClubPos\AndroidManifest.xml:40:9-42:53
50            android:name="net.hssco.club.AdminMenuActivity"
50-->HsscoClubPos\AndroidManifest.xml:41:13-46
51            android:theme="@style/Theme.SajedPOS" />
51-->HsscoClubPos\AndroidManifest.xml:42:13-50
52        <activity
52-->HsscoClubPos\AndroidManifest.xml:44:9-46:53
53            android:name="net.hssco.club.ChangeAdminPinActivity"
53-->HsscoClubPos\AndroidManifest.xml:45:13-51
54            android:theme="@style/Theme.SajedPOS" />
54-->HsscoClubPos\AndroidManifest.xml:46:13-50
55        <activity
55-->HsscoClubPos\AndroidManifest.xml:48:9-50:53
56            android:name="net.hssco.club.MerchantMenuActivity"
56-->HsscoClubPos\AndroidManifest.xml:49:13-49
57            android:theme="@style/Theme.SajedPOS" />
57-->HsscoClubPos\AndroidManifest.xml:50:13-50
58        <activity
58-->HsscoClubPos\AndroidManifest.xml:52:9-95
59            android:name="net.hssco.club.WelcomeActivity"
59-->HsscoClubPos\AndroidManifest.xml:52:19-50
60            android:theme="@style/AppTheme.FullScreen" />
60-->HsscoClubPos\AndroidManifest.xml:52:51-93
61        <activity
61-->HsscoClubPos\AndroidManifest.xml:53:9-104
62            android:name="net.hssco.club.SelectOperationActivity"
62-->HsscoClubPos\AndroidManifest.xml:53:19-58
63            android:theme="@style/AppTheme.FullScreen" />
63-->HsscoClubPos\AndroidManifest.xml:53:59-101
64        <activity
64-->HsscoClubPos\AndroidManifest.xml:54:9-95
65            android:name="net.hssco.club.AmountActivity"
65-->HsscoClubPos\AndroidManifest.xml:54:19-49
66            android:theme="@style/AppTheme.FullScreen" />
66-->HsscoClubPos\AndroidManifest.xml:54:50-92
67    </application>
68
69</manifest>